c:\users\owais\source\repos\finalyearproject\finalyearproject\finalyearproject\debug\vc141.pdb
c:\users\owais\source\repos\finalyearproject\finalyearproject\finalyearproject\debug\vc141.idb
c:\users\owais\source\repos\finalyearproject\finalyearproject\finalyearproject\debug\visual.obj
c:\users\owais\source\repos\finalyearproject\finalyearproject\finalyearproject\debug\timeseries.obj
c:\users\owais\source\repos\finalyearproject\finalyearproject\finalyearproject\debug\temp.obj
c:\users\owais\source\repos\finalyearproject\finalyearproject\finalyearproject\debug\paa.obj
c:\users\owais\source\repos\finalyearproject\finalyearproject\finalyearproject\debug\mtlb.obj
c:\users\owais\source\repos\finalyearproject\finalyearproject\finalyearproject\debug\main.obj
c:\users\owais\source\repos\finalyearproject\finalyearproject\finalyearproject\debug\imp.obj
c:\users\owais\source\repos\finalyearproject\finalyearproject\finalyearproject\debug\exprt.obj
c:\users\owais\source\repos\finalyearproject\finalyearproject\finalyearproject\debug\distances.obj
c:\users\owais\source\repos\finalyearproject\finalyearproject\finalyearproject\debug\apca.obj
c:\users\owais\source\repos\finalyearproject\finalyearproject\debug\finalyearprojectbackup.ilk
c:\users\owais\source\repos\finalyearproject\finalyearproject\debug\finalyearprojectbackup.exe
c:\users\owais\source\repos\finalyearproject\finalyearproject\debug\finalyearprojectbackup.pdb
c:\users\owais\source\repos\finalyearproject\finalyearproject\finalyearproject\debug\finalyea.6aa83a3b.tlog\cl.command.1.tlog
c:\users\owais\source\repos\finalyearproject\finalyearproject\finalyearproject\debug\finalyea.6aa83a3b.tlog\cl.read.1.tlog
c:\users\owais\source\repos\finalyearproject\finalyearproject\finalyearproject\debug\finalyea.6aa83a3b.tlog\cl.write.1.tlog
c:\users\owais\source\repos\finalyearproject\finalyearproject\finalyearproject\debug\finalyea.6aa83a3b.tlog\link.command.1.tlog
c:\users\owais\source\repos\finalyearproject\finalyearproject\finalyearproject\debug\finalyea.6aa83a3b.tlog\link.read.1.tlog
c:\users\owais\source\repos\finalyearproject\finalyearproject\finalyearproject\debug\finalyea.6aa83a3b.tlog\link.write.1.tlog
