e:\uni\final year projecct\finalyearproject with base functions\finalyearproject\finalyearproject\debug\vc141.pdb
e:\uni\final year projecct\finalyearproject with base functions\finalyearproject\finalyearproject\debug\vc141.idb
e:\uni\final year projecct\finalyearproject with base functions\finalyearproject\finalyearproject\debug\visual.obj
e:\uni\final year projecct\finalyearproject with base functions\finalyearproject\finalyearproject\debug\timeseries.obj
e:\uni\final year projecct\finalyearproject with base functions\finalyearproject\finalyearproject\debug\temp.obj
e:\uni\final year projecct\finalyearproject with base functions\finalyearproject\finalyearproject\debug\paa.obj
e:\uni\final year projecct\finalyearproject with base functions\finalyearproject\finalyearproject\debug\main.obj
e:\uni\final year projecct\finalyearproject with base functions\finalyearproject\finalyearproject\debug\imp.obj
e:\uni\final year projecct\finalyearproject with base functions\finalyearproject\finalyearproject\debug\functions.obj
e:\uni\final year projecct\finalyearproject with base functions\finalyearproject\finalyearproject\debug\exprt.obj
e:\uni\final year projecct\finalyearproject with base functions\finalyearproject\finalyearproject\debug\distances.obj
e:\uni\final year projecct\finalyearproject with base functions\finalyearproject\finalyearproject\debug\apca.obj
e:\uni\final year projecct\finalyearproject with base functions\finalyearproject\debug\finalyearproject.ilk
e:\uni\final year projecct\finalyearproject with base functions\finalyearproject\debug\finalyearproject.exe
e:\uni\final year projecct\finalyearproject with base functions\finalyearproject\debug\finalyearproject.pdb
e:\uni\final year projecct\finalyearproject with base functions\finalyearproject\finalyearproject\debug\finalyearproject.res
e:\uni\final year projecct\finalyearproject with base functions\finalyearproject\finalyearproject\debug\finalyearproject.tlog\cl.command.1.tlog
e:\uni\final year projecct\finalyearproject with base functions\finalyearproject\finalyearproject\debug\finalyearproject.tlog\cl.read.1.tlog
e:\uni\final year projecct\finalyearproject with base functions\finalyearproject\finalyearproject\debug\finalyearproject.tlog\cl.write.1.tlog
e:\uni\final year projecct\finalyearproject with base functions\finalyearproject\finalyearproject\debug\finalyearproject.tlog\link.command.1.tlog
e:\uni\final year projecct\finalyearproject with base functions\finalyearproject\finalyearproject\debug\finalyearproject.tlog\link.read.1.tlog
e:\uni\final year projecct\finalyearproject with base functions\finalyearproject\finalyearproject\debug\finalyearproject.tlog\link.write.1.tlog
e:\uni\final year projecct\finalyearproject with base functions\finalyearproject\finalyearproject\debug\finalyearproject.tlog\rc.command.1.tlog
e:\uni\final year projecct\finalyearproject with base functions\finalyearproject\finalyearproject\debug\finalyearproject.tlog\rc.read.1.tlog
e:\uni\final year projecct\finalyearproject with base functions\finalyearproject\finalyearproject\debug\finalyearproject.tlog\rc.write.1.tlog
